Info: Starting: Create block symbol file (.bsf)
Info: qsys-generate /home/jacob/projects/Embedded-Real-Time-Room-EQ-Correction/lab3-hw/soc_system.qsys --block-symbol-file --output-directory=/home/jacob/projects/Embedded-Real-Time-Room-EQ-Correction/lab3-hw/soc_system --family="Cyclone V" --part=5CSEMA5F31C6
Progress: Loading lab3-hw/soc_system.qsys
Progress: Reading input file
Progress: Adding audio_pll_0 [altera_up_avalon_audio_pll 18.0]
Progress: Parameterizing module audio_pll_0
Progress: Adding clk_0 [clock_source 24.1]
Progress: Parameterizing module clk_0
Progress: Adding hps_0 [altera_hps 24.1]
Progress: Parameterizing module hps_0
Progress: Adding room_eq_peripheral_0 [room_eq_peripheral 1.0]
Progress: Parameterizing module room_eq_peripheral_0
Progress: Building connections
Progress: Parameterizing connections
Progress: Validating
Progress: Done reading input file
Info: soc_system.hps_0: HPS Main PLL counter settings: n = 0  m = 73
Info: soc_system.hps_0: HPS peripherial PLL counter settings: n = 0  m = 39
Warning: soc_system.hps_0: HPS model no longer supports simulation for HPS FPGA Bridges.
Info: qsys-generate succeeded.
Info: Finished: Create block symbol file (.bsf)
Info: 
Info: Starting: Create HDL design files for synthesis
Info: qsys-generate /home/jacob/projects/Embedded-Real-Time-Room-EQ-Correction/lab3-hw/soc_system.qsys --synthesis=VERILOG --output-directory=/home/jacob/projects/Embedded-Real-Time-Room-EQ-Correction/lab3-hw/soc_system/synthesis --family="Cyclone V" --part=5CSEMA5F31C6
Progress: Loading lab3-hw/soc_system.qsys
Progress: Reading input file
Progress: Adding audio_pll_0 [altera_up_avalon_audio_pll 18.0]
Progress: Parameterizing module audio_pll_0
Progress: Adding clk_0 [clock_source 24.1]
Progress: Parameterizing module clk_0
Progress: Adding hps_0 [altera_hps 24.1]
Progress: Parameterizing module hps_0
Progress: Adding room_eq_peripheral_0 [room_eq_peripheral 1.0]
Progress: Parameterizing module room_eq_peripheral_0
Progress: Building connections
Progress: Parameterizing connections
Progress: Validating
Progress: Done reading input file
Info: soc_system.hps_0: HPS Main PLL counter settings: n = 0  m = 73
Info: soc_system.hps_0: HPS peripherial PLL counter settings: n = 0  m = 39
Warning: soc_system.hps_0: HPS model no longer supports simulation for HPS FPGA Bridges.
Info: soc_system: Generating "soc_system" for QUARTUS_SYNTH
Info: Interconnect is inserted between master hps_0.h2f_lw_axi_master and slave room_eq_peripheral_0.avalon_slave_0 because the master is of type axi and the slave is of type avalon.
Info: audio_pll_0: "soc_system" instantiated altera_up_avalon_audio_pll "audio_pll_0"
Info: hps_0: "Running  for module: hps_0"
Info: hps_0: HPS Main PLL counter settings: n = 0  m = 73
Info: hps_0: HPS peripherial PLL counter settings: n = 0  m = 39
Warning: hps_0: HPS model no longer supports simulation for HPS FPGA Bridges.
Info: hps_0: "soc_system" instantiated altera_hps "hps_0"
Info: room_eq_peripheral_0: "soc_system" instantiated room_eq_peripheral "room_eq_peripheral_0"
Info: avalon_st_adapter: Inserting error_adapter: error_adapter_0
Info: mm_interconnect_0: "soc_system" instantiated altera_mm_interconnect "mm_interconnect_0"
Info: rst_controller: "soc_system" instantiated altera_reset_controller "rst_controller"
Info: audio_pll: "audio_pll_0" instantiated altera_pll "audio_pll"
Info: reset_from_locked: "audio_pll_0" instantiated altera_up_avalon_reset_from_locked_signal "reset_from_locked"
Info: fpga_interfaces: "hps_0" instantiated altera_interface_generator "fpga_interfaces"
Info: hps_io: "hps_0" instantiated altera_hps_io "hps_io"
Info: room_eq_peripheral_0_avalon_slave_0_translator: "mm_interconnect_0" instantiated altera_merlin_slave_translator "room_eq_peripheral_0_avalon_slave_0_translator"
Info: hps_0_h2f_lw_axi_master_agent: "mm_interconnect_0" instantiated altera_merlin_axi_master_ni "hps_0_h2f_lw_axi_master_agent"
Info: room_eq_peripheral_0_avalon_slave_0_agent: "mm_interconnect_0" instantiated altera_merlin_slave_agent "room_eq_peripheral_0_avalon_slave_0_agent"
Info: room_eq_peripheral_0_avalon_slave_0_agent_rsp_fifo: "mm_interconnect_0" instantiated altera_avalon_sc_fifo "room_eq_peripheral_0_avalon_slave_0_agent_rsp_fifo"
Info: router: "mm_interconnect_0" instantiated altera_merlin_router "router"
Info: router_002: "mm_interconnect_0" instantiated altera_merlin_router "router_002"
Info: room_eq_peripheral_0_avalon_slave_0_burst_adapter: "mm_interconnect_0" instantiated altera_merlin_burst_adapter "room_eq_peripheral_0_avalon_slave_0_burst_adapter"
Info: Reusing file /home/jacob/projects/Embedded-Real-Time-Room-EQ-Correction/lab3-hw/soc_system/synthesis/submodules/altera_merlin_address_alignment.sv
Info: cmd_demux: "mm_interconnect_0" instantiated altera_merlin_demultiplexer "cmd_demux"
Info: cmd_mux: "mm_interconnect_0" instantiated altera_merlin_multiplexer "cmd_mux"
Info: rsp_demux: "mm_interconnect_0" instantiated altera_merlin_demultiplexer "rsp_demux"
Info: rsp_mux: "mm_interconnect_0" instantiated altera_merlin_multiplexer "rsp_mux"
Info: Reusing file /home/jacob/projects/Embedded-Real-Time-Room-EQ-Correction/lab3-hw/soc_system/synthesis/submodules/altera_merlin_arbitrator.sv
Info: avalon_st_adapter: "mm_interconnect_0" instantiated altera_avalon_st_adapter "avalon_st_adapter"
Info: border: "hps_io" instantiated altera_interface_generator "border"
Info: error_adapter_0: "avalon_st_adapter" instantiated error_adapter "error_adapter_0"
Info: soc_system: Done "soc_system" with 24 modules, 89 files
Info: qsys-generate succeeded.
Info: Finished: Create HDL design files for synthesis
